06.06.16-00:05 ---------Log SQLITE----------
06.06.16-00:05 ---------Log Postgres----------
06.06.16-00:05 Aktualisieren erfolgreich 3232 \\vnvbrwfs2v2.net.vlr.gv.at\vogis_datenaktualisierung\_Allg\Uebergabe\VIIa\Geodaten\bauflaechenwidmung/bauflaechenwidmung.shp
06.06.16-00:05 Aktualisieren erfolgreich 3240 \\vnvbrwfs2v2.net.vlr.gv.at\vogis_datenaktualisierung\_Allg\Uebergabe\VIIa\Geodaten\einkaufszentrum/einkaufszentrum.shp
06.06.16-00:06 Aktualisieren erfolgreich 4159 \\vnvbrwfs2v2.net.vlr.gv.at\vogis_datenaktualisierung\_Allg\Uebergabe\VIIa\Geodaten\siedlungsgebiet/siedlung_widmung.shp
06.06.16-00:06 Aktualisieren erfolgreich 4160 \\vnvbrwfs2v2.net.vlr.gv.at\vogis_datenaktualisierung\_Allg\Uebergabe\VIIa\Geodaten\siedlungsgebiet/siedlung_widmung_50m.shp
06.06.16-00:07 Aktualisieren erfolgreich 4641 \\vnvbrwfs2v2.net.vlr.gv.at\vogis_datenaktualisierung\_Allg\Uebergabe\VIIa\Geodaten\Gemeinden\Vorarlberg\Flaechenwidmungsplan/fwp_flaeche.shp
06.06.16-00:07 Aktualisieren erfolgreich 4642 \\vnvbrwfs2v2.net.vlr.gv.at\vogis_datenaktualisierung\_Allg\Uebergabe\VIIa\Geodaten\Gemeinden\Vorarlberg\Flaechenwidmungsplan/fwp_linie.shp
06.06.16-00:11 Aktualisieren erfolgreich 4643 \\vnvbrwfs2v2.net.vlr.gv.at\vogis_datenaktualisierung\_Allg\Uebergabe\VIIa\Geodaten\Gemeinden\Vorarlberg\Flaechenwidmungsplan/fwp_signatur.shp
06.06.16-00:13 Aktualisieren erfolgreich 4644 \\vnvbrwfs2v2.net.vlr.gv.at\vogis_datenaktualisierung\_Allg\Uebergabe\VIIa\Geodaten\Gemeinden\Vorarlberg\Flaechenwidmungsplan/FWP_Protokoll_flaeche.shp
06.06.16-00:13 Aktualisieren erfolgreich 4734 \\vnvbrwfs2v2.net.vlr.gv.at\vogis_datenaktualisierung\_Allg\Uebergabe\VIId\Geodaten\Wasser\Betriebe\Vlbg\Betriebe/betrieb_gebaeude.shp
06.06.16-00:13 Aktualisieren erfolgreich 4735 \\vnvbrwfs2v2.net.vlr.gv.at\vogis_datenaktualisierung\_Allg\Uebergabe\VIId\Geodaten\Wasser\Brunnen\Vlbg\Brunnen/brunnen.shp
06.06.16-00:13 Aktualisieren erfolgreich 4736 \\vnvbrwfs2v2.net.vlr.gv.at\vogis_datenaktualisierung\_Allg\Uebergabe\VIId\Geodaten\Wasser\Quellen\Vlbg\Quelleinzugsgebiete/quelleinzugsgebiete.shp
06.06.16-00:13 Aktualisieren erfolgreich 4737 \\vnvbrwfs2v2.net.vlr.gv.at\vogis_datenaktualisierung\_Allg\Uebergabe\VIId\Geodaten\Wasser\Wassernutzung\Vlbg\Anlagen/fliessgewaesseranlagen.shp
06.06.16-00:13 Aktualisieren erfolgreich 4738 \\vnvbrwfs2v2.net.vlr.gv.at\vogis_datenaktualisierung\_Allg\Uebergabe\VIId\Geodaten\Wasser\Grundwasser\Vlbg\Grundwasseranlagen/grundwasseranlagen.shp
06.06.16-00:13 Aktualisieren erfolgreich 4739 \\vnvbrwfs2v2.net.vlr.gv.at\vogis_datenaktualisierung\_Allg\Uebergabe\VIId\Geodaten\Wasser\Grundwasser\Vlbg\Grundwasserfelder/grundwasserfelder.shp
06.06.16-00:13 Aktualisieren erfolgreich 4740 \\vnvbrwfs2v2.net.vlr.gv.at\vogis_datenaktualisierung\_Allg\Uebergabe\VIId\Geodaten\Wasser\Abwasser\Vlbg\Klaeranlagen/klaeranlagen.shp
06.06.16-00:13 Aktualisieren erfolgreich 4741 \\vnvbrwfs2v2.net.vlr.gv.at\vogis_datenaktualisierung\_Allg\Uebergabe\VIId\Geodaten\Wasser\Wassernutzung\Vlbg\Kraftwerke/kraftwerke.shp
06.06.16-00:13 Aktualisieren erfolgreich 4742 \\vnvbrwfs2v2.net.vlr.gv.at\vogis_datenaktualisierung\_Allg\Uebergabe\VIId\Geodaten\Wasser\Messstellen\Vlbg\Messstellen/messstellen.shp
06.06.16-00:13 Aktualisieren erfolgreich 4743 \\vnvbrwfs2v2.net.vlr.gv.at\vogis_datenaktualisierung\_Allg\Uebergabe\VIId\Geodaten\Wasser\Betriebe\Vlbg\OeffentlicheTankstellen/oeffentlichetankstellen.shp
06.06.16-00:13 Aktualisieren erfolgreich 4744 \\vnvbrwfs2v2.net.vlr.gv.at\vogis_datenaktualisierung\_Allg\Uebergabe\VIId\Geodaten\Wasser\Quellen\Vlbg\Quellpunkte/quellen.shp
06.06.16-00:13 Aktualisieren erfolgreich 4745 \\vnvbrwfs2v2.net.vlr.gv.at\vogis_datenaktualisierung\_Allg\Uebergabe\VIId\Geodaten\Wasser\Flussbau\Vlbg\Rueckhalteeinrichtungen/rueckhalteeinrichtungen.shp
06.06.16-00:13 Aktualisieren erfolgreich 4746 \\vnvbrwfs2v2.net.vlr.gv.at\vogis_datenaktualisierung\_Allg\Uebergabe\VIId\Geodaten\Wasser\Schutz_Schongebiete\Vlbg\SchutzSchongebiete/schutzundschongebiete.shp
06.06.16-00:13 Aktualisieren erfolgreich 4747 \\vnvbrwfs2v2.net.vlr.gv.at\vogis_datenaktualisierung\_Allg\Uebergabe\VIId\Geodaten\Wasser\Grundwasser\Vlbg\ThermischeNutzungen/waermenutzungen.shp
06.06.16-00:14 Aktualisieren erfolgreich 4748 \\vnvbrwfs2v2.net.vlr.gv.at\vogis_datenaktualisierung\_Allg\Uebergabe\VIId\Geodaten\Wasser\Flussbau\Vlbg\GZP/gefahrenzonenplaene.shp
06.06.16-00:17 Aktualisieren erfolgreich 4887 \\vnvbrwfs2v2.net.vlr.gv.at\vogis_datenaktualisierung\_Allg\Uebergabe\VIIa\Geodaten\Gemeinden\Vorarlberg\Flaechenwidmungsplan/fwp_signatur_1000.shp
06.06.16-00:17 Aktualisieren erfolgreich 4905 \\vnvbrwfs2v2.net.vlr.gv.at\vogis_datenaktualisierung\_Allg\Uebergabe\VIId\Geodaten\Wasser\WV_Zonen\Vlbg\WV_Zonen/wasserversorgungszonen.shp
06.06.16-00:17 Aktualisieren erfolgreich 4908 \\vnvbrwfs2v2.net.vlr.gv.at\vogis_datenaktualisierung\_Allg\Uebergabe\VIId\Geodaten\Wasser\Grundwasser\Vlbg\Grundwasserkoerper/grundwasserkoerper.shp
06.06.16-00:17 Aktualisieren erfolgreich 4917 \\vnvbrwfs2v2.net.vlr.gv.at\vogis_datenaktualisierung\_Allg\Uebergabe\VIIa\Geodaten\wanderweg/wander_standort_orientierungstafeln.shp
06.06.16-00:17 Aktualisieren erfolgreich 5069 \\vnvbrwfs2v2.net.vlr.gv.at\vogis_datenaktualisierung\_Allg\Uebergabe\VIId\Geodaten\Wasser\Wasserbuch/gefahrenzonenplaene.shp
06.06.16-00:17 Aktualisieren erfolgreich 5089 \\vnvbrwfs2v2.net.vlr.gv.at\vogis_datenaktualisierung\_Allg\Uebergabe\UI\Geodaten\Wasser\Fluesse\Vlbg\Strukturzustand/direkteinleitungen_fgw2012.shp
06.06.16-00:18 Aktualisieren erfolgreich 5090 \\vnvbrwfs2v2.net.vlr.gv.at\vogis_datenaktualisierung\_Allg\Uebergabe\UI\Geodaten\Wasser\Fluesse\Vlbg\Strukturzustand/kontinuumsunterbrechungen_fgw2012.shp
06.06.16-00:19 ---------Log Filesystem----------
06.06.16-00:19 Aktualisieren erfolgreich 848 \\vnvbrwfs2v2.net.vlr.gv.at\vogis_datenaktualisierung\_Allg\Uebergabe\VIIa\Geodaten\bauflaechenwidmung/bauflaechenwidmung.shp
06.06.16-00:19 Aktualisieren erfolgreich 863 \\vnvbrwfs2v2.net.vlr.gv.at\vogis_datenaktualisierung\_Allg\Uebergabe\VIIa\Geodaten\einkaufszentrum/einkaufszentrum.shp
06.06.16-00:19 Aktualisieren erfolgreich 2137 \\vnvbrwfs2v2.net.vlr.gv.at\vogis_datenaktualisierung\_Allg\Uebergabe\VIIa\Geodaten\siedlungsgebiet/siedlung_widmung.shp
06.06.16-00:19 Aktualisieren erfolgreich 2138 \\vnvbrwfs2v2.net.vlr.gv.at\vogis_datenaktualisierung\_Allg\Uebergabe\VIIa\Geodaten\siedlungsgebiet/siedlung_widmung_50m.shp
06.06.16-00:20 Aktualisieren erfolgreich 2745 \\vnvbrwfs2v2.net.vlr.gv.at\vogis_datenaktualisierung\_Allg\Uebergabe\VIIa\Geodaten\Gemeinden\Vorarlberg\Flaechenwidmungsplan/fwp_flaeche.shp
06.06.16-00:20 Aktualisieren erfolgreich 2746 \\vnvbrwfs2v2.net.vlr.gv.at\vogis_datenaktualisierung\_Allg\Uebergabe\VIIa\Geodaten\Gemeinden\Vorarlberg\Flaechenwidmungsplan/fwp_linie.shp
06.06.16-00:21 Aktualisieren erfolgreich 2747 \\vnvbrwfs2v2.net.vlr.gv.at\vogis_datenaktualisierung\_Allg\Uebergabe\VIIa\Geodaten\Gemeinden\Vorarlberg\Flaechenwidmungsplan/fwp_signatur.shp
06.06.16-00:22 Aktualisieren erfolgreich 2748 \\vnvbrwfs2v2.net.vlr.gv.at\vogis_datenaktualisierung\_Allg\Uebergabe\VIIa\Geodaten\Gemeinden\Vorarlberg\Flaechenwidmungsplan/FWP_Protokoll_flaeche.shp
06.06.16-00:22 Aktualisieren erfolgreich 2890 \\vnvbrwfs2v2.net.vlr.gv.at\vogis_datenaktualisierung\_Allg\Uebergabe\VIId\Geodaten\Wasser\Betriebe\Vlbg\Betriebe/betrieb_gebaeude.shp
06.06.16-00:22 Aktualisieren erfolgreich 2891 \\vnvbrwfs2v2.net.vlr.gv.at\vogis_datenaktualisierung\_Allg\Uebergabe\VIId\Geodaten\Wasser\Brunnen\Vlbg\Brunnen/brunnen.shp
06.06.16-00:22 Aktualisieren erfolgreich 2892 \\vnvbrwfs2v2.net.vlr.gv.at\vogis_datenaktualisierung\_Allg\Uebergabe\VIId\Geodaten\Wasser\Quellen\Vlbg\Quelleinzugsgebiete/quelleinzugsgebiete.shp
06.06.16-00:22 Aktualisieren erfolgreich 2893 \\vnvbrwfs2v2.net.vlr.gv.at\vogis_datenaktualisierung\_Allg\Uebergabe\VIId\Geodaten\Wasser\Wassernutzung\Vlbg\Anlagen/fliessgewaesseranlagen.shp
06.06.16-00:22 Aktualisieren erfolgreich 2894 \\vnvbrwfs2v2.net.vlr.gv.at\vogis_datenaktualisierung\_Allg\Uebergabe\VIId\Geodaten\Wasser\Grundwasser\Vlbg\Grundwasseranlagen/grundwasseranlagen.shp
06.06.16-00:22 Aktualisieren erfolgreich 2895 \\vnvbrwfs2v2.net.vlr.gv.at\vogis_datenaktualisierung\_Allg\Uebergabe\VIId\Geodaten\Wasser\Grundwasser\Vlbg\Grundwasserfelder/grundwasserfelder.shp
06.06.16-00:22 Aktualisieren erfolgreich 2896 \\vnvbrwfs2v2.net.vlr.gv.at\vogis_datenaktualisierung\_Allg\Uebergabe\VIId\Geodaten\Wasser\Abwasser\Vlbg\Klaeranlagen/klaeranlagen.shp
06.06.16-00:22 Aktualisieren erfolgreich 2897 \\vnvbrwfs2v2.net.vlr.gv.at\vogis_datenaktualisierung\_Allg\Uebergabe\VIId\Geodaten\Wasser\Wassernutzung\Vlbg\Kraftwerke/kraftwerke.shp
06.06.16-00:22 Aktualisieren erfolgreich 2898 \\vnvbrwfs2v2.net.vlr.gv.at\vogis_datenaktualisierung\_Allg\Uebergabe\VIId\Geodaten\Wasser\Messstellen\Vlbg\Messstellen/messstellen.shp
06.06.16-00:22 Aktualisieren erfolgreich 2899 \\vnvbrwfs2v2.net.vlr.gv.at\vogis_datenaktualisierung\_Allg\Uebergabe\VIId\Geodaten\Wasser\Betriebe\Vlbg\OeffentlicheTankstellen/oeffentlichetankstellen.shp
06.06.16-00:22 Aktualisieren erfolgreich 2900 \\vnvbrwfs2v2.net.vlr.gv.at\vogis_datenaktualisierung\_Allg\Uebergabe\VIId\Geodaten\Wasser\Quellen\Vlbg\Quellpunkte/quellen.shp
06.06.16-00:22 Aktualisieren erfolgreich 2901 \\vnvbrwfs2v2.net.vlr.gv.at\vogis_datenaktualisierung\_Allg\Uebergabe\VIId\Geodaten\Wasser\Flussbau\Vlbg\Rueckhalteeinrichtungen/rueckhalteeinrichtungen.shp
06.06.16-00:22 Aktualisieren erfolgreich 2902 \\vnvbrwfs2v2.net.vlr.gv.at\vogis_datenaktualisierung\_Allg\Uebergabe\VIId\Geodaten\Wasser\Schutz_Schongebiete\Vlbg\SchutzSchongebiete/schutzundschongebiete.shp
06.06.16-00:22 Aktualisieren erfolgreich 2903 \\vnvbrwfs2v2.net.vlr.gv.at\vogis_datenaktualisierung\_Allg\Uebergabe\VIId\Geodaten\Wasser\Grundwasser\Vlbg\ThermischeNutzungen/waermenutzungen.shp
06.06.16-00:22 Aktualisieren erfolgreich 2904 \\vnvbrwfs2v2.net.vlr.gv.at\vogis_datenaktualisierung\_Allg\Uebergabe\VIId\Geodaten\Wasser\Flussbau\Vlbg\GZP/gefahrenzonenplaene.shp
06.06.16-00:24 Aktualisieren erfolgreich 3365 \\vnvbrwfs2v2.net.vlr.gv.at\vogis_datenaktualisierung\_Allg\Uebergabe\VIIa\Geodaten\Gemeinden\Vorarlberg\Flaechenwidmungsplan/fwp_signatur_1000.shp
06.06.16-00:24 Aktualisieren erfolgreich 3497 \\vnvbrwfs2v2.net.vlr.gv.at\vogis_datenaktualisierung\_Allg\Uebergabe\VIId\Geodaten\Wasser\WV_Zonen\Vlbg\WV_Zonen/wasserversorgungszonen.shp
06.06.16-00:24 Aktualisieren erfolgreich 3500 \\vnvbrwfs2v2.net.vlr.gv.at\vogis_datenaktualisierung\_Allg\Uebergabe\VIId\Geodaten\Wasser\Grundwasser\Vlbg\Grundwasserkoerper/grundwasserkoerper.shp
06.06.16-00:24 Aktualisieren erfolgreich 3514 \\vnvbrwfs2v2.net.vlr.gv.at\vogis_datenaktualisierung\_Allg\Uebergabe\VIIa\Geodaten\wanderweg/wander_standort_orientierungstafeln.shp
06.06.16-00:24 Aktualisieren erfolgreich 3983 \\vnvbrwfs2v2.net.vlr.gv.at\vogis_datenaktualisierung\_Allg\Uebergabe\VIId\Geodaten\Wasser\Wasserbuch/gefahrenzonenplaene.shp
06.06.16-00:24 Aktualisierungprozess Ende
